<?xml version="1.0" encoding="UTF-8"?>
<!-- Generated by org.testng.reporters.JUnitReportReporter -->
<testsuite hostname="LAPTOP-UQBNC1RJ" failures="0" tests="1" name="com.magento.framework.runner.CreateOrderRunner" time="474.724" errors="0" timestamp="5 Feb 2023 13:01:53 GMT">
  <testcase classname="com.magento.framework.runner.CreateOrderRunner" name="feature" time="474.724"/>
</testsuite> <!-- com.magento.framework.runner.CreateOrderRunner -->
